TN:
SF:src/seeder.ts
FN:22,(anonymous_1)
FN:49,(anonymous_2)
FN:63,(anonymous_3)
FN:76,(anonymous_4)
FNF:4
FNH:0
FNDA:0,(anonymous_1)
FNDA:0,(anonymous_2)
FNDA:0,(anonymous_3)
FNDA:0,(anonymous_4)
DA:1,0
DA:2,0
DA:3,0
DA:4,0
DA:7,0
DA:8,0
DA:9,0
DA:19,0
DA:22,0
DA:23,0
DA:24,0
DA:27,0
DA:29,0
DA:30,0
DA:36,0
DA:40,0
DA:44,0
DA:49,0
DA:50,0
DA:51,0
DA:52,0
DA:53,0
DA:54,0
DA:55,0
DA:57,0
DA:58,0
DA:63,0
DA:64,0
DA:65,0
DA:66,0
DA:67,0
DA:68,0
DA:69,0
DA:71,0
DA:72,0
DA:76,0
DA:77,0
DA:79,0
DA:80,0
DA:81,0
DA:82,0
DA:84,0
DA:85,0
DA:89,0
LF:44
LH:0
BRDA:79,0,0,0
BRDA:79,0,1,0
BRDA:81,1,0,0
BRDA:81,1,1,0
BRF:4
BRH:0
end_of_record
TN:
SF:src/server.ts
FN:73,(anonymous_1)
FNF:1
FNH:0
FNDA:0,(anonymous_1)
DA:1,0
DA:2,0
DA:3,0
DA:4,0
DA:5,0
DA:6,0
DA:7,0
DA:8,0
DA:9,0
DA:10,0
DA:11,0
DA:12,0
DA:15,0
DA:18,0
DA:21,0
DA:22,0
DA:23,0
DA:24,0
DA:25,0
DA:27,0
DA:30,0
DA:33,0
DA:36,0
DA:37,0
DA:41,0
DA:44,0
DA:47,0
DA:50,0
DA:53,0
DA:56,0
DA:60,0
DA:63,0
DA:64,0
DA:65,0
DA:66,0
DA:67,0
DA:70,0
DA:73,0
DA:74,0
DA:76,0
DA:79,0
LF:41
LH:0
BRDA:36,0,0,0
BRF:1
BRH:0
end_of_record
TN:
SF:src/middleware/async.ts
FN:7,(anonymous_0)
FN:8,(anonymous_1)
FNF:2
FNH:0
FNDA:0,(anonymous_0)
FNDA:0,(anonymous_1)
DA:7,0
DA:8,0
DA:9,0
DA:12,0
LF:4
LH:0
BRF:0
BRH:0
end_of_record
TN:
SF:src/models/Badge.ts
FNF:0
FNH:0
DA:1,1
DA:18,1
DA:64,1
DA:65,1
DA:66,1
LF:5
LH:5
BRF:0
BRH:0
end_of_record
TN:
SF:src/models/Note.ts
FN:113,(anonymous_10)
FN:121,(anonymous_11)
FN:129,(anonymous_12)
FN:134,(anonymous_13)
FNF:4
FNH:4
FNDA:9,(anonymous_10)
FNDA:9,(anonymous_11)
FNDA:6,(anonymous_12)
FNDA:1,(anonymous_13)
DA:1,1
DA:2,1
DA:51,1
DA:56,1
DA:62,1
DA:113,1
DA:114,9
DA:115,5
DA:117,9
DA:121,1
DA:122,9
DA:123,6
DA:125,9
DA:129,1
DA:130,6
DA:131,5
DA:132,5
DA:134,1
DA:135,1
DA:136,1
DA:140,1
DA:141,1
DA:142,1
DA:143,1
DA:144,1
DA:145,1
DA:146,1
DA:153,1
DA:154,1
LF:29
LH:29
BRDA:114,0,0,5
BRDA:114,1,0,9
BRDA:114,1,1,4
BRDA:122,2,0,6
BRDA:122,3,0,9
BRDA:122,3,1,3
BRDA:130,4,0,5
BRDA:130,5,0,6
BRDA:130,5,1,6
BRF:9
BRH:9
end_of_record
TN:
SF:src/models/User.ts
FN:198,(anonymous_10)
FN:210,(anonymous_11)
FN:228,(anonymous_12)
FN:234,(anonymous_13)
FN:245,(anonymous_14)
FN:256,(anonymous_15)
FN:262,(anonymous_16)
FN:283,(anonymous_17)
FNF:8
FNH:7
FNDA:56,(anonymous_10)
FNDA:0,(anonymous_11)
FNDA:7,(anonymous_12)
FNDA:3,(anonymous_13)
FNDA:5,(anonymous_14)
FNDA:4,(anonymous_15)
FNDA:1,(anonymous_16)
FNDA:2,(anonymous_17)
DA:1,1
DA:2,1
DA:3,1
DA:4,1
DA:79,1
DA:198,1
DA:200,56
DA:201,14
DA:204,42
DA:205,42
DA:206,42
DA:210,1
DA:211,0
DA:212,0
DA:215,0
DA:218,0
DA:219,0
DA:224,0
DA:228,1
DA:229,7
DA:230,7
DA:234,1
DA:235,3
DA:236,3
DA:240,3
DA:241,3
DA:245,1
DA:246,5
DA:247,5
DA:251,5
DA:252,5
DA:256,1
DA:257,4
DA:258,4
DA:262,1
DA:263,1
DA:264,1
DA:265,1
DA:267,1
DA:269,0
DA:270,0
DA:271,0
DA:273,1
DA:275,0
DA:278,1
DA:279,1
DA:283,1
DA:289,2
DA:296,2
DA:298,2
DA:299,2
DA:300,2
DA:304,2
DA:305,0
DA:315,1
DA:316,1
DA:317,1
LF:57
LH:46
BRDA:200,0,0,14
BRDA:200,1,0,56
BRDA:200,1,1,42
BRDA:211,2,0,0
BRDA:220,3,0,0
BRDA:220,3,1,0
BRDA:229,4,0,0
BRDA:267,5,0,0
BRDA:267,5,1,1
BRDA:270,6,0,0
BRDA:273,7,0,0
BRDA:287,8,0,0
BRDA:298,9,0,2
BRDA:304,10,0,0
BRF:14
BRH:5
end_of_record
TN:
SF:src/routes/adminRoutes.ts
FNF:0
FNH:0
DA:1,0
DA:2,0
DA:12,0
DA:15,0
DA:16,0
DA:51,0
LF:6
LH:0
BRF:0
BRH:0
end_of_record
TN:
SF:src/routes/authRoutes.ts
FNF:0
FNH:0
DA:1,0
DA:2,0
DA:3,0
DA:4,0
DA:6,0
DA:7,0
DA:10,0
DA:17,0
DA:26,0
DA:28,0
DA:29,0
DA:36,0
DA:37,0
DA:43,0
DA:49,0
DA:53,0
DA:57,0
LF:17
LH:0
BRF:0
BRH:0
end_of_record
TN:
SF:src/routes/userRoutes.ts
FNF:0
FNH:0
DA:1,0
DA:2,0
DA:3,0
DA:4,0
DA:5,0
DA:7,0
DA:10,0
DA:11,0
DA:12,0
DA:15,0
DA:16,0
DA:17,0
DA:18,0
DA:19,0
DA:22,0
DA:27,0
DA:28,0
DA:29,0
DA:32,0
DA:41,0
DA:55,0
LF:21
LH:0
BRF:0
BRH:0
end_of_record
TN:
SF:src/services/AuthService.ts
FN:9,(anonymous_1)
FN:140,(anonymous_4)
FN:155,(anonymous_5)
FN:189,(anonymous_6)
FN:262,(anonymous_7)
FN:294,(anonymous_8)
FN:332,(anonymous_9)
FN:369,(anonymous_10)
FN:393,(anonymous_11)
FN:403,(anonymous_12)
FNF:10
FNH:8
FNDA:0,(anonymous_1)
FNDA:1,(anonymous_4)
FNDA:2,(anonymous_5)
FNDA:4,(anonymous_6)
FNDA:3,(anonymous_7)
FNDA:2,(anonymous_8)
FNDA:3,(anonymous_9)
FNDA:3,(anonymous_10)
FNDA:0,(anonymous_11)
FNDA:3,(anonymous_12)
DA:1,1
DA:2,1
DA:3,1
DA:4,1
DA:6,1
DA:8,1
DA:10,0
DA:12,0
DA:19,0
DA:20,0
DA:24,0
DA:37,0
DA:51,2
DA:54,2
DA:55,2
DA:56,0
DA:57,0
DA:59,0
DA:60,0
DA:65,2
DA:73,2
DA:74,2
DA:77,2
DA:79,2
DA:81,2
DA:82,2
DA:88,1
DA:90,1
DA:92,1
DA:93,1
DA:94,1
DA:98,1
DA:106,4
DA:108,4
DA:109,0
DA:112,4
DA:114,4
DA:115,1
DA:118,3
DA:119,3
DA:120,1
DA:123,2
DA:124,1
DA:131,1
DA:132,1
DA:133,1
DA:134,1
DA:135,1
DA:137,0
DA:144,1
DA:156,2
DA:161,2
DA:162,1
DA:167,1
DA:193,4
DA:195,4
DA:196,4
DA:197,1
DA:201,3
DA:202,1
DA:203,1
DA:204,1
DA:206,0
DA:214,2
DA:215,0
DA:216,0
DA:217,0
DA:219,0
DA:222,2
DA:223,2
DA:224,2
DA:225,2
DA:226,1
DA:227,1
DA:230,2
DA:233,2
DA:237,2
DA:238,0
DA:241,2
DA:267,3
DA:268,0
DA:271,3
DA:272,0
DA:275,3
DA:276,3
DA:277,1
DA:280,2
DA:281,2
DA:282,1
DA:285,1
DA:286,1
DA:291,1
DA:295,2
DA:296,0
DA:298,2
DA:300,2
DA:304,1
DA:307,1
DA:308,1
DA:311,1
DA:313,1
DA:315,1
DA:316,1
DA:321,1
DA:323,0
DA:325,0
DA:326,0
DA:327,0
DA:328,0
DA:336,3
DA:337,0
DA:339,3
DA:340,0
DA:344,3
DA:349,3
DA:354,3
DA:355,2
DA:359,1
DA:360,1
DA:361,1
DA:364,1
DA:366,1
DA:370,3
DA:371,0
DA:374,3
DA:379,3
DA:384,3
DA:385,2
DA:388,1
DA:389,1
DA:390,1
DA:393,1
DA:394,1
DA:395,1
DA:396,1
DA:399,1
DA:400,1
DA:404,3
DA:405,0
DA:407,3
DA:409,3
DA:411,1
DA:414,2
DA:415,1
DA:419,1
DA:420,1
DA:422,1
DA:423,1
DA:425,1
DA:426,1
DA:431,1
DA:433,0
DA:435,0
DA:436,0
DA:437,0
DA:438,0
DA:445,1
LF:157
LH:122
BRDA:14,0,0,0
BRDA:14,0,1,0
BRDA:19,1,0,0
BRDA:55,2,0,0
BRDA:56,3,0,0
BRDA:59,4,0,0
BRDA:108,5,0,0
BRDA:108,6,0,4
BRDA:108,6,1,4
BRDA:114,7,0,1
BRDA:119,8,0,1
BRDA:123,9,0,1
BRDA:161,10,0,1
BRDA:181,11,0,1
BRDA:181,11,1,0
BRDA:196,12,0,1
BRDA:201,13,0,1
BRDA:201,14,0,3
BRDA:201,14,1,1
BRDA:203,15,0,1
BRDA:214,16,0,0
BRDA:214,17,0,2
BRDA:214,17,1,0
BRDA:216,18,0,0
BRDA:222,19,0,1
BRDA:223,20,0,0
BRDA:224,21,0,1
BRDA:225,22,0,1
BRDA:226,23,0,1
BRDA:227,24,0,1
BRDA:237,25,0,0
BRDA:255,26,0,2
BRDA:255,26,1,0
BRDA:267,27,0,0
BRDA:267,28,0,3
BRDA:267,28,1,3
BRDA:271,29,0,0
BRDA:276,30,0,1
BRDA:281,31,0,1
BRDA:295,32,0,0
BRDA:300,33,0,1
BRDA:311,34,0,1
BRDA:311,34,1,1
BRDA:336,35,0,0
BRDA:336,36,0,3
BRDA:336,36,1,3
BRDA:339,37,0,0
BRDA:354,38,0,2
BRDA:370,39,0,0
BRDA:384,40,0,2
BRDA:393,41,0,1
BRDA:393,42,0,0
BRDA:393,42,1,0
BRDA:404,43,0,0
BRDA:409,44,0,1
BRDA:414,45,0,1
BRF:56
BRH:33
end_of_record
TN:
SF:src/utils/customErrors.ts
FN:5,(anonymous_0)
FN:15,(anonymous_1)
FN:21,(anonymous_2)
FN:27,(anonymous_3)
FN:33,(anonymous_4)
FN:39,(anonymous_5)
FNF:6
FNH:2
FNDA:1,(anonymous_0)
FNDA:0,(anonymous_1)
FNDA:1,(anonymous_2)
FNDA:0,(anonymous_3)
FNDA:0,(anonymous_4)
FNDA:0,(anonymous_5)
DA:1,1
DA:6,1
DA:7,1
DA:8,1
DA:9,1
DA:10,1
DA:14,1
DA:16,0
DA:20,1
DA:22,1
DA:26,1
DA:28,0
DA:32,1
DA:34,0
DA:38,1
DA:40,0
LF:16
LH:12
BRDA:5,0,0,1
BRDA:15,1,0,0
BRDA:21,2,0,0
BRDA:27,3,0,0
BRDA:33,4,0,0
BRDA:39,5,0,0
BRF:6
BRH:1
end_of_record
TN:
SF:src/utils/errorResponse.ts
FN:4,(anonymous_0)
FNF:1
FNH:1
FNDA:17,(anonymous_0)
DA:5,17
DA:6,17
DA:9,17
DA:10,17
DA:15,1
LF:5
LH:5
BRDA:9,0,0,17
BRF:1
BRH:1
end_of_record
TN:
SF:src/utils/extractTextFromFile.ts
FN:10,extractTextFromFile
FNF:1
FNH:1
FNDA:8,extractTextFromFile
DA:1,1
DA:2,1
DA:3,1
DA:10,1
DA:11,8
DA:12,8
DA:14,2
DA:15,1
DA:16,1
DA:18,6
DA:20,3
DA:21,3
DA:22,2
DA:31,1
DA:32,1
DA:34,0
DA:36,3
DA:38,2
DA:39,1
DA:42,1
LF:20
LH:19
BRDA:12,0,0,2
BRDA:18,1,0,3
BRDA:21,2,0,1
BRDA:31,3,0,1
BRDA:31,4,0,1
BRDA:31,4,1,1
BRDA:31,4,2,1
BRDA:32,5,0,1
BRDA:32,5,1,0
BRDA:36,6,0,2
BRF:10
BRH:9
end_of_record
TN:
SF:src/utils/sendEmail.ts
FN:9,(anonymous_1)
FNF:1
FNH:1
FNDA:4,(anonymous_1)
DA:1,1
DA:9,1
DA:11,4
DA:12,1
DA:13,1
DA:17,3
DA:30,3
DA:38,3
DA:40,3
DA:41,2
DA:44,2
DA:46,2
DA:50,1
LF:13
LH:13
BRDA:11,0,0,1
BRDA:11,1,0,4
BRDA:11,1,1,3
BRDA:11,1,2,3
BRDA:11,1,3,3
BRDA:11,1,4,3
BRDA:11,1,5,3
BRF:7
BRH:7
end_of_record
